<?xml version="1.0" encoding="UTF-8"?>
<!-- Generated by org.testng.reporters.JUnitXMLReporter -->
<testsuite hostname="AROCKIA-PC" ignored="3" name="Secondary" tests="1" failures="0" timestamp="21 Jul 2018 07:41:37 GMT" time="36.25" errors="0">
  <testcase name="createLead" time="16.283" classname="testcase.CreateLead"/>
  <testcase name="deletelead" time="0.0" classname="testcase.Frameworkdeletelead">
    <ignored/>
  </testcase> <!-- deletelead -->
  <testcase name="mergeLeadTestcase" time="0.0" classname="testcase.MergeLeadTestcase">
    <ignored/>
  </testcase> <!-- mergeLeadTestcase -->
  <testcase name="EditLeads" time="0.0" classname="testcase.FrameworkEditLead">
    <ignored/>
  </testcase> <!-- EditLeads -->
</testsuite> <!-- Secondary -->
